INFO:django.utils.autoreload:D:\PROJETOS\GreenPlace\Api\app\api\serializers.py changed, reloading.
INFO:django.utils.autoreload:D:\PROJETOS\GreenPlace\Api\app\api\serializers.py changed, reloading.
INFO:django.utils.autoreload:D:\PROJETOS\GreenPlace\Api\app\api\serializers.py changed, reloading.
INFO:django.utils.autoreload:D:\PROJETOS\GreenPlace\Api\app\api\serializers.py changed, reloading.
INFO:django.utils.autoreload:D:\PROJETOS\GreenPlace\Api\app\api\serializers.py changed, reloading.
INFO:django.utils.autoreload:D:\PROJETOS\GreenPlace\Api\app\api\serializers.py changed, reloading.
INFO:django.utils.autoreload:D:\PROJETOS\GreenPlace\Api\app\api\serializers.py changed, reloading.
INFO:django.utils.autoreload:D:\PROJETOS\GreenPlace\Api\app\api\serializers.py changed, reloading.
INFO:django.utils.autoreload:D:\PROJETOS\GreenPlace\Api\app\api\serializers.py changed, reloading.
INFO:django.utils.autoreload:D:\PROJETOS\GreenPlace\Api\app\api\serializers.py changed, reloading.
INFO:django.utils.autoreload:D:\PROJETOS\GreenPlace\Api\app\api\serializers.py changed, reloading.
WARNING:django.request:Not Found: /api/plants/1
INFO:django.utils.autoreload:D:\PROJETOS\GreenPlace\Api\app\api\urls.py changed, reloading.
WARNING:django.request:Method Not Allowed: /api/plants/
INFO:django.utils.autoreload:D:\PROJETOS\GreenPlace\Api\app\api\serializers.py changed, reloading.
INFO:django.utils.autoreload:D:\PROJETOS\GreenPlace\Api\app\api\serializers.py changed, reloading.
WARNING:django.request:Not Found: /images/plants/25//cerejeira.png_no_bg.png
WARNING:django.request:Not Found: /assets/images/plants/25//cerejeira.png_no_bg.png
WARNING:django.request:Not Found: /assets/images/plants/25/cerejeira.png_no_bg.png
WARNING:django.request:Not Found: /api/assets/images/plants/25/cerejeira.png_no_bg.png
WARNING:django.request:Not Found: /app/api/assets/images/plants/25/cerejeira.png_no_bg.png
WARNING:django.request:Not Found: /assets/images/plants/25/
WARNING:django.request:Not Found: /
WARNING:django.request:Not Found: /
WARNING:django.request:Not Found: /api/assets/
WARNING:django.request:Not Found: /api/plants/25image/
INFO:django.utils.autoreload:D:\PROJETOS\GreenPlace\Api\app\api\views.py changed, reloading.
INFO:django.utils.autoreload:D:\PROJETOS\GreenPlace\Api\app\api\views.py changed, reloading.
